<?xml version="1.0" encoding="UTF-8"?>
<testsuite name="MobilLax.MobilLaxApplicationTests" tests="1" skipped="0" failures="0" errors="0" timestamp="2025-05-22T18:10:55.329Z" hostname="노트북" time="0.836">
  <properties/>
  <testcase name="contextLoads()" classname="MobilLax.MobilLaxApplicationTests" time="0.836"/>
  <system-out><![CDATA[03:10:46.219 [Test worker] INFO org.springframework.test.context.support.AnnotationConfigContextLoaderUtils -- Could not detect default configuration classes for test class [MobilLax.MobilLaxApplicationTests]: MobilLaxApplicationTests does not declare any static, non-private, non-final, nested classes annotated with @Configuration.
03:10:46.374 [Test worker] INFO org.springframework.boot.test.context.SpringBootTestContextBootstrapper -- Found @SpringBootConfiguration MobilLax.MobilLaxApplication for test class MobilLax.MobilLaxApplicationTests

  .   ____          _            __ _ _
 /\\ / ___'_ __ _ _(_)_ __  __ _ \ \ \ \
( ( )\___ | '_ | '_| | '_ \/ _` | \ \ \ \
 \\/  ___)| |_)| | | | | || (_| |  ) ) ) )
  '  |____| .__|_| |_|_| |_\__, | / / / /
 =========|_|==============|___/=/_/_/_/
?[32m :: Spring Boot :: ?[39m              ?[2m (v3.2.5)?[0;39m

?[2m2025-05-23T03:10:46.976+09:00?[0;39m ?[32m INFO?[0;39m ?[35m9332?[0;39m ?[2m---?[0;39m ?[2m[    Test worker]?[0;39m ?[2m?[0;39m?[36mMobilLax.MobilLaxApplicationTests       ?[0;39m ?[2m:?[0;39m Starting MobilLaxApplicationTests using Java 21.0.6 with PID 9332 (started by Administrator in E:\Project\Team_Project\Capstone\MobilLax)
?[2m2025-05-23T03:10:46.979+09:00?[0;39m ?[32m INFO?[0;39m ?[35m9332?[0;39m ?[2m---?[0;39m ?[2m[    Test worker]?[0;39m ?[2m?[0;39m?[36mMobilLax.MobilLaxApplicationTests       ?[0;39m ?[2m:?[0;39m The following 1 profile is active: "default"
?[2m2025-05-23T03:10:48.546+09:00?[0;39m ?[32m INFO?[0;39m ?[35m9332?[0;39m ?[2m---?[0;39m ?[2m[    Test worker]?[0;39m ?[2m?[0;39m?[36m.s.d.r.c.RepositoryConfigurationDelegate?[0;39m ?[2m:?[0;39m Bootstrapping Spring Data JPA repositories in DEFAULT mode.
?[2m2025-05-23T03:10:48.806+09:00?[0;39m ?[32m INFO?[0;39m ?[35m9332?[0;39m ?[2m---?[0;39m ?[2m[    Test worker]?[0;39m ?[2m?[0;39m?[36m.s.d.r.c.RepositoryConfigurationDelegate?[0;39m ?[2m:?[0;39m Finished Spring Data repository scanning in 247 ms. Found 2 JPA repository interfaces.
?[2m2025-05-23T03:10:49.358+09:00?[0;39m ?[33m WARN?[0;39m ?[35m9332?[0;39m ?[2m---?[0;39m ?[2m[    Test worker]?[0;39m ?[2m?[0;39m?[36mtrationDelegate$BeanPostProcessorChecker?[0;39m ?[2m:?[0;39m Bean 'org.springframework.ws.config.annotation.DelegatingWsConfiguration' of type [org.springframework.ws.config.annotation.DelegatingWsConfiguration$$SpringCGLIB$$0] is not eligible for getting processed by all BeanPostProcessors (for example: not eligible for auto-proxying). The currently created BeanPostProcessor [annotationActionEndpointMapping] is declared through a non-static factory method on that class; consider declaring it as static instead.
?[2m2025-05-23T03:10:49.420+09:00?[0;39m ?[32m INFO?[0;39m ?[35m9332?[0;39m ?[2m---?[0;39m ?[2m[    Test worker]?[0;39m ?[2m?[0;39m?[36m.w.s.a.s.AnnotationActionEndpointMapping?[0;39m ?[2m:?[0;39m Supporting [WS-Addressing August 2004, WS-Addressing 1.0]
?[2m2025-05-23T03:10:49.735+09:00?[0;39m ?[32m INFO?[0;39m ?[35m9332?[0;39m ?[2m---?[0;39m ?[2m[    Test worker]?[0;39m ?[2m?[0;39m?[36mo.hibernate.jpa.internal.util.LogHelper ?[0;39m ?[2m:?[0;39m HHH000204: Processing PersistenceUnitInfo [name: default]
?[2m2025-05-23T03:10:49.860+09:00?[0;39m ?[32m INFO?[0;39m ?[35m9332?[0;39m ?[2m---?[0;39m ?[2m[    Test worker]?[0;39m ?[2m?[0;39m?[36morg.hibernate.Version                   ?[0;39m ?[2m:?[0;39m HHH000412: Hibernate ORM core version 6.4.4.Final
?[2m2025-05-23T03:10:49.945+09:00?[0;39m ?[32m INFO?[0;39m ?[35m9332?[0;39m ?[2m---?[0;39m ?[2m[    Test worker]?[0;39m ?[2m?[0;39m?[36mo.h.c.internal.RegionFactoryInitiator   ?[0;39m ?[2m:?[0;39m HHH000026: Second-level cache disabled
?[2m2025-05-23T03:10:50.446+09:00?[0;39m ?[32m INFO?[0;39m ?[35m9332?[0;39m ?[2m---?[0;39m ?[2m[    Test worker]?[0;39m ?[2m?[0;39m?[36mo.s.o.j.p.SpringPersistenceUnitInfo     ?[0;39m ?[2m:?[0;39m No LoadTimeWeaver setup: ignoring JPA class transformer
?[2m2025-05-23T03:10:50.495+09:00?[0;39m ?[32m INFO?[0;39m ?[35m9332?[0;39m ?[2m---?[0;39m ?[2m[    Test worker]?[0;39m ?[2m?[0;39m?[36mcom.zaxxer.hikari.HikariDataSource      ?[0;39m ?[2m:?[0;39m HikariPool-1 - Starting...
?[2m2025-05-23T03:10:50.862+09:00?[0;39m ?[32m INFO?[0;39m ?[35m9332?[0;39m ?[2m---?[0;39m ?[2m[    Test worker]?[0;39m ?[2m?[0;39m?[36mcom.zaxxer.hikari.pool.HikariPool       ?[0;39m ?[2m:?[0;39m HikariPool-1 - Added connection com.mysql.cj.jdbc.ConnectionImpl@33f2eb04
?[2m2025-05-23T03:10:50.865+09:00?[0;39m ?[32m INFO?[0;39m ?[35m9332?[0;39m ?[2m---?[0;39m ?[2m[    Test worker]?[0;39m ?[2m?[0;39m?[36mcom.zaxxer.hikari.HikariDataSource      ?[0;39m ?[2m:?[0;39m HikariPool-1 - Start completed.
?[2m2025-05-23T03:10:50.956+09:00?[0;39m ?[33m WARN?[0;39m ?[35m9332?[0;39m ?[2m---?[0;39m ?[2m[    Test worker]?[0;39m ?[2m?[0;39m?[36morg.hibernate.orm.deprecation           ?[0;39m ?[2m:?[0;39m HHH90000025: MySQL8Dialect does not need to be specified explicitly using 'hibernate.dialect' (remove the property setting and it will be selected by default)
?[2m2025-05-23T03:10:50.959+09:00?[0;39m ?[33m WARN?[0;39m ?[35m9332?[0;39m ?[2m---?[0;39m ?[2m[    Test worker]?[0;39m ?[2m?[0;39m?[36morg.hibernate.orm.deprecation           ?[0;39m ?[2m:?[0;39m HHH90000026: MySQL8Dialect has been deprecated; use org.hibernate.dialect.MySQLDialect instead
?[2m2025-05-23T03:10:52.414+09:00?[0;39m ?[32m INFO?[0;39m ?[35m9332?[0;39m ?[2m---?[0;39m ?[2m[    Test worker]?[0;39m ?[2m?[0;39m?[36mo.h.e.t.j.p.i.JtaPlatformInitiator      ?[0;39m ?[2m:?[0;39m HHH000489: No JTA platform available (set 'hibernate.transaction.jta.platform' to enable JTA platform integration)
?[2m2025-05-23T03:10:52.503+09:00?[0;39m ?[32m INFO?[0;39m ?[35m9332?[0;39m ?[2m---?[0;39m ?[2m[    Test worker]?[0;39m ?[2m?[0;39m?[36mj.LocalContainerEntityManagerFactoryBean?[0;39m ?[2m:?[0;39m Initialized JPA EntityManagerFactory for persistence unit 'default'
?[2m2025-05-23T03:10:53.880+09:00?[0;39m ?[33m WARN?[0;39m ?[35m9332?[0;39m ?[2m---?[0;39m ?[2m[    Test worker]?[0;39m ?[2m?[0;39m?[36mJpaBaseConfiguration$JpaWebConfiguration?[0;39m ?[2m:?[0;39m spring.jpa.open-in-view is enabled by default. Therefore, database queries may be performed during view rendering. Explicitly configure spring.jpa.open-in-view to disable this warning
?[2m2025-05-23T03:10:54.369+09:00?[0;39m ?[32m INFO?[0;39m ?[35m9332?[0;39m ?[2m---?[0;39m ?[2m[    Test worker]?[0;39m ?[2m?[0;39m?[36mo.s.s.web.DefaultSecurityFilterChain    ?[0;39m ?[2m:?[0;39m Will secure any request with [org.springframework.security.web.session.DisableEncodeUrlFilter@14e8304b, org.springframework.security.web.context.request.async.WebAsyncManagerIntegrationFilter@7b0d88e0, org.springframework.security.web.context.SecurityContextHolderFilter@6d398b6c, org.springframework.security.web.header.HeaderWriterFilter@6921ce3f, org.springframework.web.filter.CorsFilter@724e483f, org.springframework.security.web.authentication.logout.LogoutFilter@6db160b4, org.springframework.security.web.authentication.UsernamePasswordAuthenticationFilter@7a9e44ff, org.springframework.security.web.savedrequest.RequestCacheAwareFilter@46c5747f, org.springframework.security.web.servletapi.SecurityContextHolderAwareRequestFilter@6eaa8abf, org.springframework.security.web.authentication.AnonymousAuthenticationFilter@27f6854b, org.springframework.security.web.access.ExceptionTranslationFilter@8788194, org.springframework.security.web.access.intercept.AuthorizationFilter@17931cc0]
?[2m2025-05-23T03:10:55.303+09:00?[0;39m ?[32m INFO?[0;39m ?[35m9332?[0;39m ?[2m---?[0;39m ?[2m[    Test worker]?[0;39m ?[2m?[0;39m?[36mMobilLax.MobilLaxApplicationTests       ?[0;39m ?[2m:?[0;39m Started MobilLaxApplicationTests in 8.688 seconds (process running for 10.475)
]]></system-out>
  <system-err><![CDATA[WARNING: A Java agent has been loaded dynamically (C:\Users\Administrator\.gradle\caches\modules-2\files-2.1\net.bytebuddy\byte-buddy-agent\1.14.13\979ce25f7d3096a2e82214ba7dc972a05ce7a171\byte-buddy-agent-1.14.13.jar)
WARNING: If a serviceability tool is in use, please run with -XX:+EnableDynamicAgentLoading to hide this warning
WARNING: If a serviceability tool is not in use, please run with -Djdk.instrument.traceUsage for more information
WARNING: Dynamic loading of agents will be disallowed by default in a future release
]]></system-err>
</testsuite>
